100 255.133~~Tue Dec  5 15:10:42 2000~
100 primary.net~~Sat Dec  9 19:01:40 2000~
100 cust75.tnt3.richmond.va.da.uu.net~~Fri Dec 15 16:05:02 2000~
100 norwalk.oh.da.uu.net~~Thu Dec 21 10:59:26 2000~
100 acaea656.ipt.aol.com~~Sat Dec 23 17:25:43 2000~
100 1cust166.tnt15.phl1.da.uu.net~~Sat Dec 23 21:12:03 2000~
100 dlp.iinet.net.au~~Mon Dec 25 08:37:58 2000~
100 205.133~~Mon Jan  8 13:43:06 2001~
100 pris.splitrock.net~~Mon Feb 12 19:29:53 2001~
100 little-rock.ar.da.uu.net~~Mon Feb 12 22:38:42 2001~
100 little-rock10.ar.pub-ip.psi.net~~Mon Feb 12 22:40:53 2001~
100 sk.sympatico.ca~~Tue Feb 13 17:40:50 2001~
100 187.0102.rkh.iprimus.net.au~~Thu Feb 15 21:00:20 2001~
1 cc569807-a.chrtn1.sc.home.com~~Thu Feb 22 15:03:09 2001~
1 129.71.*.*~~Sat Feb 24 09:27:08 2001~
1 coxfiber.net~~Sun Feb 25 16:51:51 2001~
100 dundurn17.hwcn.org~~Thu Mar  1 21:00:43 2001~
1 snip.net~~Mon Mar  5 16:32:11 2001~
100 cleveland.navipath.net~~Fri Mar 16 16:12:51 2001~
100 phnx.uswest.net~~Wed Mar 21 17:35:55 2001~
100 ci799928-a.sptnbrg1.sc.home.com~~Thu Mar 22 19:59:06 2001~
100 pm640-27.dialip.mich.net~~Sat Mar 24 02:27:09 2001~
100 rlgh.grid.net~~Tue Apr  3 19:25:55 2001~
100 65.1.86~~Sat Apr  7 13:14:06 2001~
100 gnzl-as17-42.eatel.net~~Sat Apr 21 17:03:16 2001~
100 adsl-63-184-58.bix.bellsouth.net~~Sat Apr 21 19:04:50 2001~
100 63.164.*.*~~Sun Apr 22 18:30:15 2001~
100 168.212.243.130~~Tue Apr 24 15:38:37 2001~
100 bv.dp.net~~Wed Apr 25 16:15:29 2001~
100 phl1.da.uu.net~~Thu Apr 26 16:42:03 2001~
100 d226-104-220.home.cgocable.net~~Thu Apr 26 22:02:18 2001~
100 d150-60-63.home.cgocable.net~~Thu Apr 26 22:04:06 2001~
1 aol.com~~Thu May  3 18:14:19 2001~
100 204.60.206~~Sun May  6 16:58:35 2001~
100 snet.net~~Sun May  6 17:00:10 2001~
100 flexgal-214.galenalink.com~~Wed May  9 18:37:13 2001~
100 172.158.123.97~~Fri May 11 17:28:53 2001~
1 172.1~~Fri May 11 17:29:48 2001~
100 1cust254.tnt1.belvidere.il.da.uu.net~~Sun May 13 00:48:12 2001~
100 ny.cable.rcn.com~~Fri May 18 15:28:10 2001~
100 131.187~~Fri May 25 15:28:14 2001~
100 dsl.stlsmo.swbell.net~~Fri May 25 16:40:29 2001~
100 cc795441-a.chrtn1.sc.home.com~~Sun May 27 23:00:38 2001~
100 tnt1.belvidere.il.da.uu.net~~Mon May 28 01:08:33 2001~
1 ac86a69c.ipt.aol.com~~Mon May 28 19:08:56 2001~
100 167.128~~Thu May 31 12:40:57 2001~
100 208.13~~Thu May 31 23:59:37 2001~
100 harrisburg.k12.or.us~~Tue Jun  5 13:13:47 2001~
100 ipa.net~~Mon Jun 11 00:49:02 2001~
100 digital-genesis.com~~Sun Jun 17 15:19:10 2001~
100 63.102.170~~Fri Jun 22 10:19:00 2001~
100 dyn9.nas1.pah.viawest.net~~Sat Jun 30 20:26:28 2001~
5 tampabay.rr.com~~Tue Jul  3 17:42:16 2001~
100 chi.spunge.org~~Wed Jul  4 01:53:27 2001~
1 mi.pub-ip.psi.net~~Sat Jul  7 23:03:37 2001~
100 tuls.splitrock.net~~Wed Jul 11 18:04:00 2001~
100 bconnex.net~~Sun Jul 15 22:07:24 2001~
100 1cust44.tnt3.boise.id.da.uu.net~~Fri Jul 27 00:46:11 2001~
-1
