help.are
limbo.are
newacad.are
space.are
omni_complex.are
menari_spaceport.are
coruscant_streets.are
darkhand.are
ryloth.are
honoghr.are
xfscolony.are
jediroom.are
mosespa.are
grand_towers.are
grand_towers_suites.are
sorosuub.are
hunter_ships.are
hunters_guild.are
mc90.are
quarren.are
mall.are
dagobah.are
corus_jail.are
cloning.are
corus_pt2.are
corellia.are
newfighters.are
techships.are
hoth.are
executor.are
avenger.are
imp_y_apart.are
victory_sds.are
corulag.are
kuatcity.are
questmaze.are
monument_plaza.are
kashyyyk.are
land_vehicles.are
mon_cal.are
gamorr.are
tatooine.are
narshaddaa.are
adari_alfuh.are
adari_baituh.are
endor.are
yavin.are
byss_city.are
byss_thronecity.are
$
